<?xml version="1.0" encoding="UTF-8"?>
<testng-results skipped="0" failed="0" total="1" passed="1">
  <reporter-output>
  </reporter-output>
  <suite name="Default suite" duration-ms="68" started-at="2021-05-26T06:46:27Z" finished-at="2021-05-26T06:46:27Z">
    <groups>
    </groups>
    <test name="Default test" duration-ms="68" started-at="2021-05-26T06:46:27Z" finished-at="2021-05-26T06:46:27Z">
      <class name="Java_Practice.getCurrentDateTime">
        <test-method status="PASS" signature="getCustomeDate()[pri:0, instance:Java_Practice.getCurrentDateTime@bfbc86]" name="getCustomeDate" duration-ms="32" started-at="2021-05-26T12:16:27Z" finished-at="2021-05-26T12:16:27Z">
          <reporter-output>
          </reporter-output>
        </test-method> <!-- getCustomeDate -->
      </class> <!-- Java_Practice.getCurrentDateTime -->
    </test> <!-- Default test -->
  </suite> <!-- Default suite -->
</testng-results>
